<?xml version="1.0" encoding="UTF-8" ?>
<testsuite tests="18" failures="0" name="nz.ac.auckland.concert.client.service.ConcertServiceTest" time="8.894" errors="0" skipped="0">
  <properties>
[...]
</properties>
  <testcase classname="nz.ac.auckland.concert.client.service.ConcertServiceTest" name="testMakeReservation" time="2.69"/>
  <testcase classname="nz.ac.auckland.concert.client.service.ConcertServiceTest" name="testMakeReservationWhereSeatsAreNotAvailable" time="0.201"/>
  <testcase classname="nz.ac.auckland.concert.client.service.ConcertServiceTest" name="testAuthenticateUserWithMissingPassword" time="0.066"/>
  <testcase classname="nz.ac.auckland.concert.client.service.ConcertServiceTest" name="testConfirmBookingWithExpiredReservation" time="5.147"/>
  <testcase classname="nz.ac.auckland.concert.client.service.ConcertServiceTest" name="testRegisterCreditCard" time="0.08"/>
  <testcase classname="nz.ac.auckland.concert.client.service.ConcertServiceTest" name="testMakeReservationWithBadRequest" time="0.05"/>
  <testcase classname="nz.ac.auckland.concert.client.service.ConcertServiceTest" name="testCreateUserWithMissingField" time="0.05"/>
  <testcase classname="nz.ac.auckland.concert.client.service.ConcertServiceTest" name="testConfirmReservationWithoutRegisteredCreditCard" time="0.089"/>
  <testcase classname="nz.ac.auckland.concert.client.service.ConcertServiceTest" name="testMakeReservationWithUnauthenticatedUser" time="0.031"/>
  <testcase classname="nz.ac.auckland.concert.client.service.ConcertServiceTest" name="testAuthenticateUser" time="0.063"/>
  <testcase classname="nz.ac.auckland.concert.client.service.ConcertServiceTest" name="testCreateUserWithDuplicateUsername" time="0.056"/>
  <testcase classname="nz.ac.auckland.concert.client.service.ConcertServiceTest" name="testRetrieveConcerts" time="0.097"/>
  <testcase classname="nz.ac.auckland.concert.client.service.ConcertServiceTest" name="testRetrievePerformers" time="0.065"/>
  <testcase classname="nz.ac.auckland.concert.client.service.ConcertServiceTest" name="testCreateUser" time="0.03"/>
  <testcase classname="nz.ac.auckland.concert.client.service.ConcertServiceTest" name="testAuthenticateWithNonExistentUser" time="0.034"/>
  <testcase classname="nz.ac.auckland.concert.client.service.ConcertServiceTest" name="testAuthenticateUserWithIncorrectPassword" time="0.034"/>
  <testcase classname="nz.ac.auckland.concert.client.service.ConcertServiceTest" name="testConfirmReservation" time="0.079"/>
  <testcase classname="nz.ac.auckland.concert.client.service.ConcertServiceTest" name="testRegisterCreditCardWithUnauthenticatedUser" time="0.032"/>
</testsuite>